[debug] [2025-08-28T10:46:17.643Z] ----------------------------------------------------------------------
[debug] [2025-08-28T10:46:17.648Z] Command:       C:\Program Files\nodejs\node.exe C:\Users\santo\AppData\Roaming\npm\node_modules\firebase-tools\lib\bin\firebase.js init
[debug] [2025-08-28T10:46:17.649Z] CLI Version:   14.15.0
[debug] [2025-08-28T10:46:17.649Z] Platform:      win32
[debug] [2025-08-28T10:46:17.649Z] Node Version:  v20.17.0
[debug] [2025-08-28T10:46:17.650Z] Time:          Thu Aug 28 2025 16:16:17 GMT+0530 (India Standard Time)
[debug] [2025-08-28T10:46:17.650Z] ----------------------------------------------------------------------
[debug] 
[debug] [2025-08-28T10:46:17.660Z] > command requires scopes: ["email","openid","https://www.googleapis.com/auth/cloudplatformprojects.readonly","https://www.googleapis.com/auth/firebase","https://www.googleapis.com/auth/cloud-platform"]
[debug] [2025-08-28T10:46:17.661Z] > authorizing via signed-in user (uploadssamarth@gmail.com)
[info] 
     ######## #### ########  ######## ########     ###     ######  ########
     ##        ##  ##     ## ##       ##     ##  ##   ##  ##       ##
     ######    ##  ########  ######   ########  #########  ######  ######
     ##        ##  ##    ##  ##       ##     ## ##     ##       ## ##
     ##       #### ##     ## ######## ########  ##     ##  ######  ########

You're about to initialize a Firebase project in this directory:

  D:\MyTheatre\mytheatre

[debug] [2025-08-28T10:47:22.697Z] ExitPromptError: User force closed the prompt with SIGINT
    at Interface.sigint (C:\Users\santo\AppData\Roaming\npm\node_modules\firebase-tools\node_modules\@inquirer\core\dist\commonjs\lib\create-prompt.js:101:37)
    at Interface.emit (node:events:519:28)
    at Interface.emit (node:domain:488:12)
    at [_ttyWrite] [as _ttyWrite] (node:internal/readline/interface:1126:18)
    at ReadStream.onkeypress (node:internal/readline/interface:265:20)
    at ReadStream.emit (node:events:531:35)
    at ReadStream.emit (node:domain:488:12)
    at emitKeys (node:internal/readline/utils:371:14)
    at emitKeys.next (<anonymous>)
    at ReadStream.onData (node:internal/readline/emitKeypressEvents:64:36)
[error] 
[error] Error: An unexpected error has occurred.
